{
  "RSpec": {
    "coverage": {
      "/Users/duncanskinner/Documents/makers_academy/course/week_10/tech-tests/bank/spec/account_spec.rb": [
        null,
        null,
        1,
        null,
        1,
        5,
        4,
        4,
        1,
        null,
        1,
        1,
        1,
        1,
        1,
        1,
        null,
        null,
        1,
        1,
        1,
        1,
        1,
        1,
        1,
        null,
        null,
        null,
        1,
        1,
        1,
        1,
        1,
        1,
        1,
        1,
        null,
        null,
        1,
        1,
        1,
        1,
        1,
        null,
        null,
        null
      ],
      "/Users/duncanskinner/Documents/makers_academy/course/week_10/tech-tests/bank/lib/account.rb": [
        null,
        null,
        1,
        1,
        null,
        1,
        1,
        1,
        4,
        4,
        null,
        null,
        1,
        4,
        4,
        4,
        null,
        null,
        1,
        2,
        null,
        1,
        1,
        1,
        null,
        null,
        1,
        0,
        0,
        null,
        null,
        1,
        null,
        1,
        0,
        null,
        null
      ],
      "/Users/duncanskinner/Documents/makers_academy/course/week_10/tech-tests/bank/lib/transaction.rb": [
        null,
        null,
        1,
        1,
        1,
        7,
        7,
        7,
        7,
        null,
        null,
        1,
        3,
        3,
        3,
        null,
        null,
        1,
        3,
        3,
        3,
        null,
        null
      ],
      "/Users/duncanskinner/Documents/makers_academy/course/week_10/tech-tests/bank/lib/account_statement.rb": [
        null,
        null,
        1,
        1,
        0,
        0,
        0,
        null,
        null,
        null,
        null,
        null,
        null,
        0,
        null,
        null
      ],
      "/Users/duncanskinner/Documents/makers_academy/course/week_10/tech-tests/bank/spec/account_statement_spec.rb": [
        null,
        null,
        1,
        null,
        1,
        1,
        null,
        1,
        1,
        0,
        0,
        null,
        null,
        null,
        null,
        1,
        null,
        0,
        null,
        null,
        0,
        null,
        null,
        0,
        null,
        null,
        null,
        null,
        null
      ],
      "/Users/duncanskinner/Documents/makers_academy/course/week_10/tech-tests/bank/spec/transaction_spec.rb": [
        null,
        null,
        1,
        null,
        1,
        7,
        null,
        1,
        1,
        1,
        1,
        1,
        null,
        null,
        1,
        1,
        1,
        1,
        null,
        null,
        1,
        1,
        1,
        1,
        null,
        null,
        null,
        1,
        1,
        1,
        1,
        1,
        null,
        null,
        1,
        1,
        1,
        1,
        null,
        null,
        1,
        1,
        1,
        1,
        null,
        null,
        null
      ]
    },
    "timestamp": 1574159861
  }
}
